{
  "stats": {
    "suites": 1,
    "tests": 2,
    "passes": 2,
    "pending": 0,
    "failures": 0,
    "start": "2026-05-21T05:04:24.435Z",
    "end": "2026-05-21T05:04:35.381Z",
    "duration": 10946,
    "testsRegistered": 2,
    "passPercent": 100,
    "pendingPercent": 0,
    "other": 0,
    "hasOther": false,
    "skipped": 0,
    "hasSkipped": false
  },
  "results": [
    {
      "uuid": "c8d48e06-8960-49a7-9c77-ddad5d13369f",
      "title": "",
      "fullFile": "cypress\\e2e\\task3_session_and_intercept.cy.js",
      "file": "cypress\\e2e\\task3_session_and_intercept.cy.js",
      "beforeHooks": [],
      "afterHooks": [],
      "tests": [],
      "suites": [
        {
          "uuid": "876e2fc7-36de-41a5-a490-33ef74e9bbed",
          "title": "Cypress Mini Shop UI Testing - using session",
          "fullFile": "",
          "file": "",
          "beforeHooks": [],
          "afterHooks": [],
          "tests": [
            {
              "title": "Add New Products",
              "fullTitle": "Cypress Mini Shop UI Testing - using session Add New Products",
              "timedOut": null,
              "duration": 6284,
              "state": "passed",
              "speed": "medium",
              "pass": true,
              "fail": false,
              "pending": false,
              "context": null,
              "code": "cy.fixture(\"ProductDetails\").each(details => {\n  // using fixture file to add multiple products\n  cy.addNewProducts(details.ProductName, details.ProductPrice, details.ProductCategory);\n});",
              "err": {},
              "uuid": "fc28d51f-e2ff-4dc8-aec1-be3615c3d9fd",
              "parentUUID": "876e2fc7-36de-41a5-a490-33ef74e9bbed",
              "isHook": false,
              "skipped": false
            },
            {
              "title": "Cancel Add New Products Action",
              "fullTitle": "Cypress Mini Shop UI Testing - using session Cancel Add New Products Action",
              "timedOut": null,
              "duration": 4546,
              "state": "passed",
              "speed": "fast",
              "pass": true,
              "fail": false,
              "pending": false,
              "context": null,
              "code": "cy.fixture(\"ProductDetails\").each(details => {\n  // using fixture file to add multiple products\n  cy.cancelAddNewProductsAction(details.ProductName, details.ProductPrice, details.ProductCategory);\n});",
              "err": {},
              "uuid": "0c5e76ec-23f7-4d6b-bc95-ec3d12b2a89c",
              "parentUUID": "876e2fc7-36de-41a5-a490-33ef74e9bbed",
              "isHook": false,
              "skipped": false
            }
          ],
          "suites": [],
          "passes": [
            "fc28d51f-e2ff-4dc8-aec1-be3615c3d9fd",
            "0c5e76ec-23f7-4d6b-bc95-ec3d12b2a89c"
          ],
          "failures": [],
          "pending": [],
          "skipped": [],
          "duration": 10830,
          "root": false,
          "rootEmpty": false,
          "_timeout": 2000
        }
      ],
      "passes": [],
      "failures": [],
      "pending": [],
      "skipped": [],
      "duration": 0,
      "root": true,
      "rootEmpty": true,
      "_timeout": 2000
    }
  ],
  "meta": {
    "mocha": {
      "version": "7.2.0"
    },
    "mochawesome": {
      "options": {
        "quiet": false,
        "reportFilename": "mochawesome",
        "saveHtml": false,
        "saveJson": true,
        "consoleReporter": "spec",
        "useInlineDiffs": false,
        "code": true
      },
      "version": "7.1.3"
    },
    "marge": {
      "options": {
        "reportDir": "cypress/reports",
        "overwrite": false,
        "html": false,
        "json": true
      },
      "version": "6.2.0"
    }
  }
}